# JRE version: Java(TM) SE Runtime Environment (17.0+35) (build 17+35-LTS-2724)
# Java VM: Java HotSpot(TM) 64-Bit Server VM (17+35-LTS-2724, mixed mode, sharing, tiered, compressed oops, compressed class ptrs, g1 gc, windows-amd64)
GC Precious Log:
 CPUs: 4 total, 4 available
 Memory: 2932M
 Large Page Support: Disabled
 NUMA Support: Disabled
 Compressed Oops: Enabled (32-bit)
 Heap Region Size: 1M
 Heap Min Capacity: 8M
 Heap Initial Capacity: 46M
 Heap Max Capacity: 734M
 Pre-touch: Disabled
 Parallel Workers: 4
 Concurrent Workers: 1
 Concurrent Refinement Workers: 4
 Periodic GC: Disabled
Heap:
 garbage-first heap   total 47104K, used 15573K [0x00000000d2200000, 0x0000000100000000)
  region size 1024K, 4 young (4096K), 2 survivors (2048K)
 Metaspace       used 21555K, committed 21824K, reserved 1073152K
  class space    used 2613K, committed 2752K, reserved 1048576K
GC Heap History (12 events):
Event: 0.946 GC heap before
{Heap before GC invocations=0 (full 0):
 garbage-first heap   total 47104K, used 12288K [0x00000000d2200000, 0x0000000100000000)
  region size 1024K, 13 young (13312K), 0 survivors (0K)
 Metaspace       used 1290K, committed 1408K, reserved 1056768K
  class space    used 118K, committed 192K, reserved 1048576K
}
Event: 0.954 GC heap after
{Heap after GC invocations=1 (full 0):
 garbage-first heap   total 47104K, used 4330K [0x00000000d2200000, 0x0000000100000000)
  region size 1024K, 2 young (2048K), 2 survivors (2048K)
 Metaspace       used 1290K, committed 1408K, reserved 1056768K
  class space    used 118K, committed 192K, reserved 1048576K
}
Event: 2.061 GC heap before
{Heap before GC invocations=1 (full 0):
 garbage-first heap   total 47104K, used 18666K [0x00000000d2200000, 0x0000000100000000)
  region size 1024K, 15 young (15360K), 2 survivors (2048K)
 Metaspace       used 6679K, committed 6912K, reserved 1056768K
  class space    used 756K, committed 832K, reserved 1048576K
}
Event: 2.068 GC heap after
{Heap after GC invocations=2 (full 0):
 garbage-first heap   total 47104K, used 7571K [0x00000000d2200000, 0x0000000100000000)
  region size 1024K, 2 young (2048K), 2 survivors (2048K)
 Metaspace       used 6679K, committed 6912K, reserved 1056768K
  class space    used 756K, committed 832K, reserved 1048576K
}
Event: 2.821 GC heap before
{Heap before GC invocations=2 (full 0):
 garbage-first heap   total 47104K, used 20883K [0x00000000d2200000, 0x0000000100000000)
  region size 1024K, 16 young (16384K), 2 survivors (2048K)
 Metaspace       used 10848K, committed 11072K, reserved 1064960K
  class space    used 1253K, committed 1344K, reserved 1048576K
}
Event: 2.827 GC heap after
{Heap after GC invocations=3 (full 0):
 garbage-first heap   total 47104K, used 9381K [0x00000000d2200000, 0x0000000100000000)
  region size 1024K, 2 young (2048K), 2 survivors (2048K)
 Metaspace       used 10848K, committed 11072K, reserved 1064960K
  class space    used 1253K, committed 1344K, reserved 1048576K
}
Event: 3.448 GC heap before
{Heap before GC invocations=3 (full 0):
 garbage-first heap   total 47104K, used 27813K [0x00000000d2200000, 0x0000000100000000)
  region size 1024K, 20 young (20480K), 2 survivors (2048K)
 Metaspace       used 13107K, committed 13376K, reserved 1064960K
  class space    used 1527K, committed 1664K, reserved 1048576K
}
Event: 3.458 GC heap after
{Heap after GC invocations=4 (full 0):
 garbage-first heap   total 47104K, used 12443K [0x00000000d2200000, 0x0000000100000000)
  region size 1024K, 3 young (3072K), 3 survivors (3072K)
 Metaspace       used 13107K, committed 13376K, reserved 1064960K
  class space    used 1527K, committed 1664K, reserved 1048576K
}
Event: 4.156 GC heap before
{Heap before GC invocations=4 (full 0):
 garbage-first heap   total 47104K, used 26779K [0x00000000d2200000, 0x0000000100000000)
  region size 1024K, 18 young (18432K), 3 survivors (3072K)
 Metaspace       used 18548K, committed 18880K, reserved 1073152K
  class space    used 2203K, committed 2368K, reserved 1048576K
}
Event: 4.166 GC heap after
{Heap after GC invocations=5 (full 0):
 garbage-first heap   total 47104K, used 14146K [0x00000000d2200000, 0x0000000100000000)
  region size 1024K, 2 young (2048K), 2 survivors (2048K)
 Metaspace       used 18548K, committed 18880K, reserved 1073152K
  class space    used 2203K, committed 2368K, reserved 1048576K
}
Event: 4.991 GC heap before
{Heap before GC invocations=5 (full 0):
 garbage-first heap   total 47104K, used 23362K [0x00000000d2200000, 0x0000000100000000)
  region size 1024K, 12 young (12288K), 2 survivors (2048K)
 Metaspace       used 21181K, committed 21504K, reserved 1073152K
  class space    used 2574K, committed 2688K, reserved 1048576K
}
Event: 4.997 GC heap after
{Heap after GC invocations=6 (full 0):
 garbage-first heap   total 47104K, used 14549K [0x00000000d2200000, 0x0000000100000000)
  region size 1024K, 2 young (2048K), 2 survivors (2048K)
 Metaspace       used 21181K, committed 21504K, reserved 1073152K
  class space    used 2574K, committed 2688K, reserved 1048576K
}

