# JRE version: Java(TM) SE Runtime Environment (17.0+35) (build 17+35-LTS-2724)
# Java VM: Java HotSpot(TM) 64-Bit Server VM (17+35-LTS-2724, mixed mode, sharing, tiered, compressed oops, compressed class ptrs, g1 gc, windows-amd64)
GC Precious Log:
 CPUs: 4 total, 4 available
 Memory: 2932M
 Large Page Support: Disabled
 NUMA Support: Disabled
 Compressed Oops: Enabled (32-bit)
 Heap Region Size: 1M
 Heap Min Capacity: 8M
 Heap Initial Capacity: 46M
 Heap Max Capacity: 734M
 Pre-touch: Disabled
 Parallel Workers: 4
 Concurrent Workers: 1
 Concurrent Refinement Workers: 4
 Periodic GC: Disabled
Heap:
 garbage-first heap   total 47104K, used 15360K [0x00000000d2200000, 0x0000000100000000)
  region size 1024K, 5 young (5120K), 3 survivors (3072K)
 Metaspace       used 21562K, committed 21824K, reserved 1073152K
  class space    used 2606K, committed 2752K, reserved 1048576K
GC Heap History (12 events):
Event: 2.623 GC heap before
{Heap before GC invocations=0 (full 0):
 garbage-first heap   total 47104K, used 12288K [0x00000000d2200000, 0x0000000100000000)
  region size 1024K, 13 young (13312K), 0 survivors (0K)
 Metaspace       used 1303K, committed 1408K, reserved 1056768K
  class space    used 118K, committed 192K, reserved 1048576K
}
Event: 2.634 GC heap after
{Heap after GC invocations=1 (full 0):
 garbage-first heap   total 47104K, used 4096K [0x00000000d2200000, 0x0000000100000000)
  region size 1024K, 2 young (2048K), 2 survivors (2048K)
 Metaspace       used 1303K, committed 1408K, reserved 1056768K
  class space    used 118K, committed 192K, reserved 1048576K
}
Event: 4.195 GC heap before
{Heap before GC invocations=1 (full 0):
 garbage-first heap   total 47104K, used 17408K [0x00000000d2200000, 0x0000000100000000)
  region size 1024K, 15 young (15360K), 2 survivors (2048K)
 Metaspace       used 6592K, committed 6784K, reserved 1056768K
  class space    used 744K, committed 832K, reserved 1048576K
}
Event: 4.204 GC heap after
{Heap after GC invocations=2 (full 0):
 garbage-first heap   total 47104K, used 7246K [0x00000000d2200000, 0x0000000100000000)
  region size 1024K, 2 young (2048K), 2 survivors (2048K)
 Metaspace       used 6592K, committed 6784K, reserved 1056768K
  class space    used 744K, committed 832K, reserved 1048576K
}
Event: 5.105 GC heap before
{Heap before GC invocations=2 (full 0):
 garbage-first heap   total 47104K, used 21582K [0x00000000d2200000, 0x0000000100000000)
  region size 1024K, 16 young (16384K), 2 survivors (2048K)
 Metaspace       used 10691K, committed 10944K, reserved 1064960K
  class space    used 1232K, committed 1344K, reserved 1048576K
}
Event: 5.114 GC heap after
{Heap after GC invocations=3 (full 0):
 garbage-first heap   total 47104K, used 9044K [0x00000000d2200000, 0x0000000100000000)
  region size 1024K, 2 young (2048K), 2 survivors (2048K)
 Metaspace       used 10691K, committed 10944K, reserved 1064960K
  class space    used 1232K, committed 1344K, reserved 1048576K
}
Event: 175.327 GC heap before
{Heap before GC invocations=3 (full 0):
 garbage-first heap   total 47104K, used 28500K [0x00000000d2200000, 0x0000000100000000)
  region size 1024K, 21 young (21504K), 2 survivors (2048K)
 Metaspace       used 14366K, committed 14656K, reserved 1064960K
  class space    used 1671K, committed 1856K, reserved 1048576K
}
Event: 175.338 GC heap after
{Heap after GC invocations=4 (full 0):
 garbage-first heap   total 47104K, used 11708K [0x00000000d2200000, 0x0000000100000000)
  region size 1024K, 3 young (3072K), 3 survivors (3072K)
 Metaspace       used 14366K, committed 14656K, reserved 1064960K
  class space    used 1671K, committed 1856K, reserved 1048576K
}
Event: 200.391 GC heap before
{Heap before GC invocations=4 (full 0):
 garbage-first heap   total 47104K, used 27068K [0x00000000d2200000, 0x0000000100000000)
  region size 1024K, 19 young (19456K), 3 survivors (3072K)
 Metaspace       used 16966K, committed 17216K, reserved 1064960K
  class space    used 2004K, committed 2112K, reserved 1048576K
}
Event: 200.400 GC heap after
{Heap after GC invocations=5 (full 0):
 garbage-first heap   total 47104K, used 13129K [0x00000000d2200000, 0x0000000100000000)
  region size 1024K, 2 young (2048K), 2 survivors (2048K)
 Metaspace       used 16966K, committed 17216K, reserved 1064960K
  class space    used 2004K, committed 2112K, reserved 1048576K
}
Event: 201.093 GC heap before
{Heap before GC invocations=5 (full 0):
 garbage-first heap   total 47104K, used 26441K [0x00000000d2200000, 0x0000000100000000)
  region size 1024K, 16 young (16384K), 2 survivors (2048K)
 Metaspace       used 21208K, committed 21504K, reserved 1073152K
  class space    used 2551K, committed 2688K, reserved 1048576K
}
Event: 201.099 GC heap after
{Heap after GC invocations=6 (full 0):
 garbage-first heap   total 47104K, used 14336K [0x00000000d2200000, 0x0000000100000000)
  region size 1024K, 3 young (3072K), 3 survivors (3072K)
 Metaspace       used 21208K, committed 21504K, reserved 1073152K
  class space    used 2551K, committed 2688K, reserved 1048576K
}

