<?xml version="1.0" encoding="UTF-8"?>
<testng-results ignored="0" total="1" passed="1" failed="0" skipped="0">
  <reporter-output>
  </reporter-output>
  <suite started-at="2023-03-22T09:23:32 IST" name="Default suite" finished-at="2023-03-22T09:23:45 IST" duration-ms="13242">
    <groups>
    </groups>
    <test started-at="2023-03-22T09:23:32 IST" name="Default test" finished-at="2023-03-22T09:23:45 IST" duration-ms="13242">
      <class name="testcases.ClassTest">
        <test-method is-config="true" signature="googleTest()[pri:0, instance:testcases.ClassTest@5c6648b0]" started-at="2023-03-22T09:23:32 IST" name="googleTest" finished-at="2023-03-22T09:23:45 IST" duration-ms="13017" status="PASS">
          <reporter-output>
          </reporter-output>
        </test-method> <!-- googleTest -->
        <test-method signature="test1()[pri:0, instance:testcases.ClassTest@5c6648b0]" started-at="2023-03-22T09:23:45 IST" name="test1" finished-at="2023-03-22T09:23:45 IST" duration-ms="117" status="PASS">
          <reporter-output>
          </reporter-output>
        </test-method> <!-- test1 -->
        <test-method is-config="true" signature="close()[pri:0, instance:testcases.ClassTest@5c6648b0]" started-at="2023-03-22T09:23:45 IST" name="close" finished-at="2023-03-22T09:23:45 IST" duration-ms="1" status="PASS">
          <reporter-output>
          </reporter-output>
        </test-method> <!-- close -->
      </class> <!-- testcases.ClassTest -->
    </test> <!-- Default test -->
  </suite> <!-- Default suite -->
</testng-results>
